  dllmain.cpp
D:\Work\SSCard_System\MainProject\SSCardService_Henan\SSCardService_Henan.h(101,27): error C3863: array type 'char [19]' is not assignable
D:\Work\SSCard_System\MainProject\SSCardService_Henan\SSCardService_Henan.h(102,25): error C3863: array type 'char [51]' is not assignable
D:\Work\SSCard_System\MainProject\SSCardService_Henan\SSCardService_Henan.h(103,25): error C3863: array type 'char [7]' is not assignable
D:\Work\SSCard_System\MainProject\SSCardService_Henan\SSCardService_Henan.h(104,29): error C3863: array type 'char [6]' is not assignable
D:\Work\SSCard_System\MainProject\SSCardService_Henan\SSCardService_Henan.h(105,17): error C2039: 'strCardType': is not a member of 'SSCardInfo'
D:\Work\SSCard_System\MainProject\sdk\KT_Define.h(83): message : see declaration of 'SSCardInfo'
D:\Work\SSCard_System\MainProject\SSCardService_Henan\SSCardService_Henan.h(119,8): error C3861: 'chkCanCardSq': identifier not found
D:\Work\SSCard_System\MainProject\SSCardService_Henan\SSCardService_Henan.h(175,3): error C2065: 'SD_SSCardInfo': undeclared identifier
D:\Work\SSCard_System\MainProject\SSCardService_Henan\SSCardService_Henan.h(175,17): error C2146: syntax error: missing ';' before identifier 'TempCardInfo'
D:\Work\SSCard_System\MainProject\SSCardService_Henan\SSCardService_Henan.h(175,17): error C2065: 'TempCardInfo': undeclared identifier
D:\Work\SSCard_System\MainProject\SSCardService_Henan\SSCardService_Henan.h(187,4): error C2065: 'TempCardInfo': undeclared identifier
D:\Work\SSCard_System\MainProject\SSCardService_Henan\SSCardService_Henan.h(188,4): error C2065: 'TempCardInfo': undeclared identifier
D:\Work\SSCard_System\MainProject\SSCardService_Henan\SSCardService_Henan.h(189,4): error C2065: 'TempCardInfo': undeclared identifier
D:\Work\SSCard_System\MainProject\SSCardService_Henan\SSCardService_Henan.h(190,4): error C2065: 'TempCardInfo': undeclared identifier
D:\Work\SSCard_System\MainProject\SSCardService_Henan\SSCardService_Henan.h(191,4): error C2065: 'TempCardInfo': undeclared identifier
D:\Work\SSCard_System\MainProject\SSCardService_Henan\SSCardService_Henan.h(193,8): error C2065: 'TempCardInfo': undeclared identifier
D:\Work\SSCard_System\MainProject\SSCardService_Henan\SSCardService_Henan.h(194,8): error C2065: 'TempCardInfo': undeclared identifier
D:\Work\SSCard_System\MainProject\SSCardService_Henan\SSCardService_Henan.h(195,8): error C2065: 'TempCardInfo': undeclared identifier
D:\Work\SSCard_System\MainProject\SSCardService_Henan\SSCardService_Henan.h(196,8): error C2065: 'TempCardInfo': undeclared identifier
D:\Work\SSCard_System\MainProject\SSCardService_Henan\SSCardService_Henan.h(197,8): error C2065: 'TempCardInfo': undeclared identifier
D:\Work\SSCard_System\MainProject\SSCardService_Henan\SSCardService_Henan.h(204,8): error C2065: 'TempCardInfo': undeclared identifier
D:\Work\SSCard_System\MainProject\SSCardService_Henan\SSCardService_Henan.h(204,8): error C3861: 'chkCanCardBh': identifier not found
D:\Work\SSCard_System\MainProject\SSCardService_Henan\SSCardService_Henan.h(230,8): error C2065: 'TempCardInfo': undeclared identifier
D:\Work\SSCard_System\MainProject\SSCardService_Henan\SSCardService_Henan.h(230,8): error C3861: 'queryCardInfoBySfzhm': identifier not found
D:\Work\SSCard_System\MainProject\SSCardService_Henan\SSCardService_Henan.h(266,23): error C3863: array type 'char [19]' is not assignable
D:\Work\SSCard_System\MainProject\SSCardService_Henan\SSCardService_Henan.h(267,24): error C3863: array type 'char [10]' is not assignable
D:\Work\SSCard_System\MainProject\SSCardService_Henan\SSCardService_Henan.h(268,21): error C3863: array type 'char [51]' is not assignable
D:\Work\SSCard_System\MainProject\SSCardService_Henan\SSCardService_Henan.h(269,24): error C3863: array type 'char [10]' is not assignable
D:\Work\SSCard_System\MainProject\SSCardService_Henan\SSCardService_Henan.h(270,27): error C3863: array type 'char [101]' is not assignable
D:\Work\SSCard_System\MainProject\SSCardService_Henan\SSCardService_Henan.h(271,13): error C2039: 'strChipNum': is not a member of 'SSCardInfo'
D:\Work\SSCard_System\MainProject\sdk\KT_Define.h(83): message : see declaration of 'SSCardInfo'
D:\Work\SSCard_System\MainProject\SSCardService_Henan\SSCardService_Henan.h(272,13): error C2039: 'strMagNum': is not a member of 'SSCardInfo'
D:\Work\SSCard_System\MainProject\sdk\KT_Define.h(83): message : see declaration of 'SSCardInfo'
D:\Work\SSCard_System\MainProject\SSCardService_Henan\SSCardService_Henan.h(273,25): error C3863: array type 'char [6]' is not assignable
D:\Work\SSCard_System\MainProject\SSCardService_Henan\SSCardService_Henan.h(276,23): error C3863: array type 'char [21]' is not assignable
D:\Work\SSCard_System\MainProject\SSCardService_Henan\SSCardService_Henan.h(355,3): error C2065: 'SD_SSCardInfo': undeclared identifier
D:\Work\SSCard_System\MainProject\SSCardService_Henan\SSCardService_Henan.h(355,17): error C2146: syntax error: missing ';' before identifier 'TempCardInfo'
D:\Work\SSCard_System\MainProject\SSCardService_Henan\SSCardService_Henan.h(355,17): error C2065: 'TempCardInfo': undeclared identifier
D:\Work\SSCard_System\MainProject\SSCardService_Henan\SSCardService_Henan.h(373,4): error C2065: 'TempCardInfo': undeclared identifier
D:\Work\SSCard_System\MainProject\SSCardService_Henan\SSCardService_Henan.h(377,4): error C2065: 'TempCardInfo': undeclared identifier
D:\Work\SSCard_System\MainProject\SSCardService_Henan\SSCardService_Henan.h(379,4): error C2065: 'TempCardInfo': undeclared identifier
D:\Work\SSCard_System\MainProject\SSCardService_Henan\SSCardService_Henan.h(380,4): error C2065: 'TempCardInfo': undeclared identifier
D:\Work\SSCard_System\MainProject\SSCardService_Henan\SSCardService_Henan.h(381,4): error C2065: 'TempCardInfo': undeclared identifier
D:\Work\SSCard_System\MainProject\SSCardService_Henan\SSCardService_Henan.h(382,4): error C2065: 'TempCardInfo': undeclared identifier
D:\Work\SSCard_System\MainProject\SSCardService_Henan\SSCardService_Henan.h(383,4): error C2065: 'TempCardInfo': undeclared identifier
D:\Work\SSCard_System\MainProject\SSCardService_Henan\SSCardService_Henan.h(384,4): error C2065: 'TempCardInfo': undeclared identifier
D:\Work\SSCard_System\MainProject\SSCardService_Henan\SSCardService_Henan.h(385,4): error C2065: 'TempCardInfo': undeclared identifier
D:\Work\SSCard_System\MainProject\SSCardService_Henan\SSCardService_Henan.h(386,4): error C2065: 'TempCardInfo': undeclared identifier
D:\Work\SSCard_System\MainProject\SSCardService_Henan\SSCardService_Henan.h(387,4): error C2065: 'TempCardInfo': undeclared identifier
D:\Work\SSCard_System\MainProject\SSCardService_Henan\SSCardService_Henan.h(388,4): error C2065: 'TempCardInfo': undeclared identifier
D:\Work\SSCard_System\MainProject\SSCardService_Henan\SSCardService_Henan.h(390,8): error C2065: 'TempCardInfo': undeclared identifier
D:\Work\SSCard_System\MainProject\SSCardService_Henan\SSCardService_Henan.h(391,8): error C2065: 'TempCardInfo': undeclared identifier
D:\Work\SSCard_System\MainProject\SSCardService_Henan\SSCardService_Henan.h(392,8): error C2065: 'TempCardInfo': undeclared identifier
D:\Work\SSCard_System\MainProject\SSCardService_Henan\SSCardService_Henan.h(393,8): error C2065: 'TempCardInfo': undeclared identifier
D:\Work\SSCard_System\MainProject\SSCardService_Henan\SSCardService_Henan.h(394,8): error C2065: 'TempCardInfo': undeclared identifier
D:\Work\SSCard_System\MainProject\SSCardService_Henan\SSCardService_Henan.h(395,8): error C2065: 'TempCardInfo': undeclared identifier
D:\Work\SSCard_System\MainProject\SSCardService_Henan\SSCardService_Henan.h(396,8): error C2065: 'TempCardInfo': undeclared identifier
D:\Work\SSCard_System\MainProject\SSCardService_Henan\SSCardService_Henan.h(397,8): error C2065: 'TempCardInfo': undeclared identifier
D:\Work\SSCard_System\MainProject\SSCardService_Henan\SSCardService_Henan.h(398,8): error C2065: 'TempCardInfo': undeclared identifier
D:\Work\SSCard_System\MainProject\SSCardService_Henan\SSCardService_Henan.h(399,8): error C2065: 'TempCardInfo': undeclared identifier
D:\Work\SSCard_System\MainProject\SSCardService_Henan\SSCardService_Henan.h(400,8): error C2065: 'TempCardInfo': undeclared identifier
D:\Work\SSCard_System\MainProject\SSCardService_Henan\SSCardService_Henan.h(401,8): error C2065: 'TempCardInfo': undeclared identifier
D:\Work\SSCard_System\MainProject\SSCardService_Henan\SSCardService_Henan.h(402,8): error C2065: 'TempCardInfo': undeclared identifier
D:\Work\SSCard_System\MainProject\SSCardService_Henan\SSCardService_Henan.h(403,8): error C2065: 'TempCardInfo': undeclared identifier
D:\Work\SSCard_System\MainProject\SSCardService_Henan\SSCardService_Henan.h(404,8): error C2065: 'TempCardInfo': undeclared identifier
D:\Work\SSCard_System\MainProject\SSCardService_Henan\SSCardService_Henan.h(409,15): error C2065: 'TempCardInfo': undeclared identifier
D:\Work\SSCard_System\MainProject\SSCardService_Henan\SSCardService_Henan.h(410,8): error C2065: 'TempCardInfo': undeclared identifier
D:\Work\SSCard_System\MainProject\SSCardService_Henan\SSCardService_Henan.h(410,8): error C3861: 'saveCardSqList': identifier not found
D:\Work\SSCard_System\MainProject\SSCardService_Henan\SSCardService_Henan.h(441,97): error C2039: 'days': is not a member of 'std::chrono'
D:\Program Files (x86)\Microsoft Visual Studio\2019\Enterprise\VC\Tools\MSVC\14.29.30133\include\chrono(6616): message : see declaration of 'std::chrono'
D:\Work\SSCard_System\MainProject\SSCardService_Henan\SSCardService_Henan.h(441,1): error C3861: 'days': identifier not found
D:\Work\SSCard_System\MainProject\SSCardService_Henan\SSCardService_Henan.h(448,1): error C3536: 'tNext': cannot be used before it is initialized
D:\Work\SSCard_System\MainProject\SSCardService_Henan\SSCardService_Henan.h(448,1): error C2664: 'tm *localtime(const time_t *const )': cannot convert argument 1 from 'int *' to 'const time_t *const '
D:\Work\SSCard_System\MainProject\SSCardService_Henan\SSCardService_Henan.h(448,42): message : Types pointed to are unrelated; conversion requires reinterpret_cast, C-style cast or function-style cast
D:\Windows Kits\10\Include\10.0.19041.0\ucrt\time.h(495,46): message : see declaration of 'localtime'
D:\Work\SSCard_System\MainProject\SSCardService_Henan\SSCardService_Henan.h(448,18): error C2672: 'std::put_time': no matching overloaded function found
D:\Work\SSCard_System\MainProject\SSCardService_Henan\SSCardService_Henan.h(450,4): error C2065: 'TempCardInfo': undeclared identifier
D:\Work\SSCard_System\MainProject\SSCardService_Henan\SSCardService_Henan.h(451,4): error C2065: 'TempCardInfo': undeclared identifier
D:\Work\SSCard_System\MainProject\SSCardService_Henan\SSCardService_Henan.h(454,8): error C2065: 'TempCardInfo': undeclared identifier
D:\Work\SSCard_System\MainProject\SSCardService_Henan\SSCardService_Henan.h(454,8): error C3861: 'queryCardZksqList': identifier not found
D:\Work\SSCard_System\MainProject\SSCardService_Henan\SSCardService_Henan.h(496,24): error C3863: array type 'char [10]' is not assignable
D:\Work\SSCard_System\MainProject\SSCardService_Henan\SSCardService_Henan.h(497,23): error C3863: array type 'char [21]' is not assignable
D:\Work\SSCard_System\MainProject\SSCardService_Henan\SSCardService_Henan.h(518,3): error C2065: 'SD_SSCardInfo': undeclared identifier
D:\Work\SSCard_System\MainProject\SSCardService_Henan\SSCardService_Henan.h(518,17): error C2146: syntax error: missing ';' before identifier 'TempCardInfo'
D:\Work\SSCard_System\MainProject\SSCardService_Henan\SSCardService_Henan.h(518,17): error C2065: 'TempCardInfo': undeclared identifier
D:\Work\SSCard_System\MainProject\SSCardService_Henan\SSCardService_Henan.h(530,4): error C2065: 'TempCardInfo': undeclared identifier
D:\Work\SSCard_System\MainProject\SSCardService_Henan\SSCardService_Henan.h(534,4): error C2065: 'TempCardInfo': undeclared identifier
D:\Work\SSCard_System\MainProject\SSCardService_Henan\SSCardService_Henan.h(535,4): error C2065: 'TempCardInfo': undeclared identifier
D:\Work\SSCard_System\MainProject\SSCardService_Henan\SSCardService_Henan.h(536,4): error C2065: 'TempCardInfo': undeclared identifier
D:\Work\SSCard_System\MainProject\SSCardService_Henan\SSCardService_Henan.h(537,4): error C2065: 'TempCardInfo': undeclared identifier
D:\Work\SSCard_System\MainProject\SSCardService_Henan\SSCardService_Henan.h(538,4): error C2065: 'TempCardInfo': undeclared identifier
D:\Work\SSCard_System\MainProject\SSCardService_Henan\SSCardService_Henan.h(539,4): error C2065: 'TempCardInfo': undeclared identifier
D:\Work\SSCard_System\MainProject\SSCardService_Henan\SSCardService_Henan.h(540,4): error C2065: 'TempCardInfo': undeclared identifier
D:\Work\SSCard_System\MainProject\SSCardService_Henan\SSCardService_Henan.h(541,4): error C2065: 'TempCardInfo': undeclared identifier
D:\Work\SSCard_System\MainProject\SSCardService_Henan\SSCardService_Henan.h(542,4): error C2065: 'TempCardInfo': undeclared identifier
D:\Work\SSCard_System\MainProject\SSCardService_Henan\SSCardService_Henan.h(543,4): error C2065: 'TempCardInfo': undeclared identifier
D:\Work\SSCard_System\MainProject\SSCardService_Henan\SSCardService_Henan.h(544,4): error C2065: 'TempCardInfo': undeclared identifier
D:\Work\SSCard_System\MainProject\SSCardService_Henan\SSCardService_Henan.h(545,4): error C2065: 'TempCardInfo': undeclared identifier
D:\Work\SSCard_System\MainProject\SSCardService_Henan\SSCardService_Henan.h(548,8): error C2065: 'TempCardInfo': undeclared identifier
D:\Work\SSCard_System\MainProject\SSCardService_Henan\SSCardService_Henan.h(549,5): error C2065: 'TempCardInfo': undeclared identifier
D:\Work\SSCard_System\MainProject\SSCardService_Henan\SSCardService_Henan.h(550,5): error C2065: 'TempCardInfo': undeclared identifier
D:\Work\SSCard_System\MainProject\SSCardService_Henan\SSCardService_Henan.h(551,5): error C2065: 'TempCardInfo': undeclared identifier
D:\Work\SSCard_System\MainProject\SSCardService_Henan\SSCardService_Henan.h(552,5): error C2065: 'TempCardInfo': undeclared identifier
D:\Work\SSCard_System\MainProject\SSCardService_Henan\SSCardService_Henan.h(553,5): error C2065: 'TempCardInfo': undeclared identifier
D:\Work\SSCard_System\MainProject\SSCardService_Henan\SSCardService_Henan.h(554,5): error C2065: 'TempCardInfo': undeclared identifier
D:\Work\SSCard_System\MainProject\SSCardService_Henan\SSCardService_Henan.h(555,5): error C2065: 'TempCardInfo': undeclared identifier
D:\Work\SSCard_System\MainProject\SSCardService_Henan\SSCardService_Henan.h(556,5): error C2065: 'TempCardInfo': undeclared identifier
D:\Work\SSCard_System\MainProject\SSCardService_Henan\SSCardService_Henan.h(556,1): fatal error C1003: error count exceeds 100; stopping compilation
